<?xml version="1.0" encoding="UTF-8"?>
<!-- Generated by org.testng.reporters.JUnitReportReporter -->
<testsuite hostname="Jane-PC" name="tests.TestSearchWord" tests="2" failures="0" timestamp="24 Feb 2016 18:21:22 GMT" time="47.278" errors="0">
  <testcase name="testSearchWords" time="26.432" classname="tests.TestSearchWord"/>
  <testcase name="testSearchOfLetters" time="20.846" classname="tests.TestSearchWord"/>
</testsuite> <!-- tests.TestSearchWord -->
