<?xml version="1.0" encoding="UTF-8"?>
<!-- Generated by org.testng.reporters.JUnitReportReporter -->
<testsuite hostname="Jane-PC" name="tests.TestSearchWord" tests="2" failures="0" timestamp="23 Feb 2016 14:14:44 GMT" time="41.306" errors="0">
  <testcase name="testSearchWords" time="22.945" classname="tests.TestSearchWord"/>
  <testcase name="testSearchOfLetters" time="18.361" classname="tests.TestSearchWord"/>
</testsuite> <!-- tests.TestSearchWord -->
