<?xml version="1.0" encoding="UTF-8"?>
<!-- Generated by org.testng.reporters.JUnitReportReporter -->
<testsuite hostname="Jane-PC" name="tests.AppTest" tests="2" failures="0" timestamp="23 Feb 2016 13:55:35 GMT" time="32.134" errors="0">
  <testcase name="testSearchOfWords" time="13.973" classname="tests.AppTest"/>
  <testcase name="testSearchOfLetters" time="18.161" classname="tests.AppTest"/>
</testsuite> <!-- tests.AppTest -->
